============================================================
Program for calculation of partial differential equations.  
============================================================
(c) Dr. Thomas Ludwig, TU München.
    Thomas A. Zochler, TU München.
    Andreas C. Schmidt, TU München.
============================================================

Berechnungszeit:    71.680690 s 
Speicherbedarf:     9.863045 MiB
Berechnungsmethode: Gauss-Seidel
Interlines:         141
Stoerfunktion:      f(x,y) = 2pi^2*sin(pi*x)sin(pi*y)
Terminierung:       Anzahl der Iterationen
Anzahl Iterationen: 1500
Norm des Fehlers:   7.524184e-06

Matrix:
 0.0000 0.0000 0.0000 0.0000 0.0000 0.0000 0.0000 0.0000 0.0000
 0.0000 0.0017 0.0031 0.0040 0.0044 0.0040 0.0031 0.0017 0.0000
 0.0000 0.0031 0.0057 0.0074 0.0081 0.0074 0.0057 0.0031 0.0000
 0.0000 0.0040 0.0074 0.0097 0.0105 0.0097 0.0075 0.0040 0.0000
 0.0000 0.0044 0.0081 0.0105 0.0113 0.0104 0.0080 0.0043 0.0000
 0.0000 0.0040 0.0074 0.0097 0.0105 0.0097 0.0075 0.0040 0.0000
 0.0000 0.0031 0.0057 0.0075 0.0081 0.0075 0.0057 0.0031 0.0000
 0.0000 0.0017 0.0031 0.0040 0.0044 0.0040 0.0031 0.0017 0.0000
 0.0000 0.0000 0.0000 0.0000 0.0000 0.0000 0.0000 0.0000 0.0000
============================================================
Program for calculation of partial differential equations.  
============================================================
(c) Dr. Thomas Ludwig, TU München.
    Thomas A. Zochler, TU München.
    Andreas C. Schmidt, TU München.
============================================================

Berechnungszeit:    71.784000 s 
Speicherbedarf:     9.863045 MiB
Berechnungsmethode: Gauss-Seidel
Interlines:         141
Stoerfunktion:      f(x,y) = 2pi^2*sin(pi*x)sin(pi*y)
Terminierung:       Anzahl der Iterationen
Anzahl Iterationen: 1500
Norm des Fehlers:   7.524184e-06

Matrix:
 0.0000 0.0000 0.0000 0.0000 0.0000 0.0000 0.0000 0.0000 0.0000
 0.0000 0.0017 0.0031 0.0040 0.0044 0.0040 0.0031 0.0017 0.0000
 0.0000 0.0031 0.0057 0.0074 0.0081 0.0074 0.0057 0.0031 0.0000
 0.0000 0.0040 0.0074 0.0097 0.0105 0.0097 0.0075 0.0040 0.0000
 0.0000 0.0044 0.0081 0.0105 0.0113 0.0104 0.0080 0.0043 0.0000
 0.0000 0.0040 0.0074 0.0097 0.0105 0.0097 0.0075 0.0040 0.0000
 0.0000 0.0031 0.0057 0.0075 0.0081 0.0075 0.0057 0.0031 0.0000
 0.0000 0.0017 0.0031 0.0040 0.0044 0.0040 0.0031 0.0017 0.0000
 0.0000 0.0000 0.0000 0.0000 0.0000 0.0000 0.0000 0.0000 0.0000
============================================================
Program for calculation of partial differential equations.  
============================================================
(c) Dr. Thomas Ludwig, TU München.
    Thomas A. Zochler, TU München.
    Andreas C. Schmidt, TU München.
============================================================

Berechnungszeit:    71.795956 s 
Speicherbedarf:     9.863045 MiB
Berechnungsmethode: Gauss-Seidel
Interlines:         141
Stoerfunktion:      f(x,y) = 2pi^2*sin(pi*x)sin(pi*y)
Terminierung:       Anzahl der Iterationen
Anzahl Iterationen: 1500
Norm des Fehlers:   7.524184e-06

Matrix:
 0.0000 0.0000 0.0000 0.0000 0.0000 0.0000 0.0000 0.0000 0.0000
 0.0000 0.0017 0.0031 0.0040 0.0044 0.0040 0.0031 0.0017 0.0000
 0.0000 0.0031 0.0057 0.0074 0.0081 0.0074 0.0057 0.0031 0.0000
 0.0000 0.0040 0.0074 0.0097 0.0105 0.0097 0.0075 0.0040 0.0000
 0.0000 0.0044 0.0081 0.0105 0.0113 0.0104 0.0080 0.0043 0.0000
 0.0000 0.0040 0.0074 0.0097 0.0105 0.0097 0.0075 0.0040 0.0000
 0.0000 0.0031 0.0057 0.0075 0.0081 0.0075 0.0057 0.0031 0.0000
 0.0000 0.0017 0.0031 0.0040 0.0044 0.0040 0.0031 0.0017 0.0000
 0.0000 0.0000 0.0000 0.0000 0.0000 0.0000 0.0000 0.0000 0.0000
